Using pre-set license
Built from '2022.3/staging' branch; Version is '2022.3.17f1 (4fc78088f837) revision 5228416'; Using compiler version '192829333'; Build Type 'Release'
OS: 'Windows 11  (10.0.22631) 64bit Professional' Language: 'en' Physical Memory: 32696 MB
BatchMode: 1, IsHumanControllingUs: 0, StartBugReporterOnCrash: 0, Is64bit: 1, IsPro: 1

COMMAND LINE ARGUMENTS:
C:\Program Files\Unity\Hub\Editor\2022.3.17f1\Editor\Unity.exe
-adb2
-batchMode
-noUpm
-name
AssetImportWorker0
-projectPath
C:/Users/drago/UnityProjects/Lucky-the-Crafty-Cat/Lucky The Crafty Cat
-logFile
Logs/AssetImportWorker0.log
-srvPort
55799
Successfully changed project path to: C:/Users/drago/UnityProjects/Lucky-the-Crafty-Cat/Lucky The Crafty Cat
C:/Users/drago/UnityProjects/Lucky-the-Crafty-Cat/Lucky The Crafty Cat
[UnityMemory] Configuration Parameters - Can be set up in boot.config
    "memorysetup-bucket-allocator-granularity=16"
    "memorysetup-bucket-allocator-bucket-count=8"
    "memorysetup-bucket-allocator-block-size=33554432"
    "memorysetup-bucket-allocator-block-count=8"
    "memorysetup-main-allocator-block-size=16777216"
    "memorysetup-thread-allocator-block-size=16777216"
    "memorysetup-gfx-main-allocator-block-size=16777216"
    "memorysetup-gfx-thread-allocator-block-size=16777216"
    "memorysetup-cache-allocator-block-size=4194304"
    "memorysetup-typetree-allocator-block-size=2097152"
    "memorysetup-profiler-bucket-allocator-granularity=16"
    "memorysetup-profiler-bucket-allocator-bucket-count=8"
    "memorysetup-profiler-bucket-allocator-block-size=33554432"
    "memorysetup-profiler-bucket-allocator-block-count=8"
    "memorysetup-profiler-allocator-block-size=16777216"
    "memorysetup-profiler-editor-allocator-block-size=1048576"
    "memorysetup-temp-allocator-size-main=16777216"
    "memorysetup-job-temp-allocator-block-size=2097152"
    "memorysetup-job-temp-allocator-block-size-background=1048576"
    "memorysetup-job-temp-allocator-reduction-small-platforms=262144"
    "memorysetup-allocator-temp-initial-block-size-main=262144"
    "memorysetup-allocator-temp-initial-block-size-worker=262144"
    "memorysetup-temp-allocator-size-background-worker=32768"
    "memorysetup-temp-allocator-size-job-worker=262144"
    "memorysetup-temp-allocator-size-preload-manager=33554432"
    "memorysetup-temp-allocator-size-nav-mesh-worker=65536"
    "memorysetup-temp-allocator-size-audio-worker=65536"
    "memorysetup-temp-allocator-size-cloud-worker=32768"
    "memorysetup-temp-allocator-size-gi-baking-worker=262144"
    "memorysetup-temp-allocator-size-gfx=262144"
Player connection [19004] Host "[IP] 10.0.0.206 [Port] 0 [Flags] 2 [Guid] 4136313612 [EditorId] 4136313612 [Version] 1048832 [Id] WindowsEditor(7,Asmoria) [Debug] 1 [PackageName] WindowsEditor [ProjectName] Editor" joined multi-casting on [225.0.0.222:54997]...

Player connection [19004] Host "[IP] 10.0.0.206 [Port] 0 [Flags] 2 [Guid] 4136313612 [EditorId] 4136313612 [Version] 1048832 [Id] WindowsEditor(7,Asmoria) [Debug] 1 [PackageName] WindowsEditor [ProjectName] Editor" joined alternative multi-casting on [225.0.0.222:34997]...

[Physics::Module] Initialized MultithreadedJobDispatcher with 11 workers.
Refreshing native plugins compatible for Editor in 22.17 ms, found 3 plugins.
Preloading 0 native plugins for Editor in 0.00 ms.
Initialize engine version: 2022.3.17f1 (4fc78088f837)
[Subsystems] Discovering subsystems at path C:/Program Files/Unity/Hub/Editor/2022.3.17f1/Editor/Data/Resources/UnitySubsystems
[Subsystems] Discovering subsystems at path C:/Users/drago/UnityProjects/Lucky-the-Crafty-Cat/Lucky The Crafty Cat/Assets
GfxDevice: creating device client; threaded=0; jobified=0
Direct3D:
    Version:  Direct3D 11.0 [level 11.1]
    Renderer: NVIDIA GeForce GTX 1080 (ID=0x1b80)
    Vendor:   NVIDIA
    VRAM:     8073 MB
    Driver:   31.0.15.4633
Initialize mono
Mono path[0] = 'C:/Program Files/Unity/Hub/Editor/2022.3.17f1/Editor/Data/Managed'
Mono path[1] = 'C:/Program Files/Unity/Hub/Editor/2022.3.17f1/Editor/Data/MonoBleedingEdge/lib/mono/unityjit-win32'
Mono config path = 'C:/Program Files/Unity/Hub/Editor/2022.3.17f1/Editor/Data/MonoBleedingEdge/etc'
Using monoOptions --debugger-agent=transport=dt_socket,embedding=1,server=y,suspend=n,address=127.0.0.1:56908
Begin MonoManager ReloadAssembly
Registering precompiled unity dll's ...
Register platform support module: C:/Program Files/Unity/Hub/Editor/2022.3.17f1/Editor/Data/PlaybackEngines/WindowsStandaloneSupport/UnityEditor.WindowsStandalone.Extensions.dll
Registered in 0.017043 seconds.
- Loaded All Assemblies, in  0.546 seconds
Native extension for WindowsStandalone target not found
Mono: successfully reloaded assembly
- Finished resetting the current domain, in  0.308 seconds
Domain Reload Profiling: 850ms
	BeginReloadAssembly (220ms)
		ExecutionOrderSort (0ms)
		DisableScriptedObjects (0ms)
		BackupInstance (0ms)
		ReleaseScriptingObjects (0ms)
		CreateAndSetChildDomain (1ms)
	RebuildCommonClasses (58ms)
	RebuildNativeTypeToScriptingClass (14ms)
	initialDomainReloadingComplete (92ms)
	LoadAllAssembliesAndSetupDomain (157ms)
		LoadAssemblies (215ms)
		RebuildTransferFunctionScriptingTraits (0ms)
		AnalyzeDomain (155ms)
			TypeCache.Refresh (154ms)
				TypeCache.ScanAssembly (139ms)
			ScanForSourceGeneratedMonoScriptInfo (0ms)
			ResolveRequiredComponents (0ms)
	FinalizeReload (309ms)
		ReleaseScriptCaches (0ms)
		RebuildScriptCaches (0ms)
		SetupLoadedEditorAssemblies (245ms)
			LogAssemblyErrors (0ms)
			InitializePlatformSupportModulesInManaged (12ms)
			SetLoadedEditorAssemblies (8ms)
			RefreshPlugins (0ms)
			BeforeProcessingInitializeOnLoad (3ms)
			ProcessInitializeOnLoadAttributes (169ms)
			ProcessInitializeOnLoadMethodAttributes (54ms)
			AfterProcessingInitializeOnLoad (0ms)
			EditorAssembliesLoaded (0ms)
		ExecutionOrderSort2 (0ms)
		AwakeInstancesAfterBackupRestoration (0ms)
========================================================================
Worker process is ready to serve import requests
Begin MonoManager ReloadAssembly
- Loaded All Assemblies, in  0.788 seconds
Refreshing native plugins compatible for Editor in 7.00 ms, found 3 plugins.
Native extension for WindowsStandalone target not found
Package Manager log level set to [2]
[Package Manager] Server::EnsureServerProcessIsRunning -- launch failed, reason: Unity was launched with the -noUpm command-line argument
[Package Manager] UpmClient::Send -- Unable to send message (not connected to UPM process).
[Package Manager] Cannot connect to Unity Package Manager local server
Mono: successfully reloaded assembly
- Finished resetting the current domain, in  0.653 seconds
Domain Reload Profiling: 1434ms
	BeginReloadAssembly (190ms)
		ExecutionOrderSort (0ms)
		DisableScriptedObjects (6ms)
		BackupInstance (0ms)
		ReleaseScriptingObjects (0ms)
		CreateAndSetChildDomain (28ms)
	RebuildCommonClasses (38ms)
	RebuildNativeTypeToScriptingClass (11ms)
	initialDomainReloadingComplete (56ms)
	LoadAllAssembliesAndSetupDomain (485ms)
		LoadAssemblies (395ms)
		RebuildTransferFunctionScriptingTraits (0ms)
		AnalyzeDomain (205ms)
			TypeCache.Refresh (183ms)
				TypeCache.ScanAssembly (167ms)
			ScanForSourceGeneratedMonoScriptInfo (14ms)
			ResolveRequiredComponents (5ms)
	FinalizeReload (653ms)
		ReleaseScriptCaches (0ms)
		RebuildScriptCaches (0ms)
		SetupLoadedEditorAssemblies (483ms)
			LogAssemblyErrors (0ms)
			InitializePlatformSupportModulesInManaged (9ms)
			SetLoadedEditorAssemblies (5ms)
			RefreshPlugins (0ms)
			BeforeProcessingInitializeOnLoad (77ms)
			ProcessInitializeOnLoadAttributes (356ms)
			ProcessInitializeOnLoadMethodAttributes (21ms)
			AfterProcessingInitializeOnLoad (16ms)
			EditorAssembliesLoaded (0ms)
		ExecutionOrderSort2 (0ms)
		AwakeInstancesAfterBackupRestoration (10ms)
Launched and connected shader compiler UnityShaderCompiler.exe after 0.08 seconds
Refreshing native plugins compatible for Editor in 7.29 ms, found 3 plugins.
Preloading 0 native plugins for Editor in 0.00 ms.
Unloading 3102 Unused Serialized files (Serialized files now loaded: 0)
Unloading 32 unused Assets / (57.4 KB). Loaded Objects now: 3563.
Memory consumption went from 126.6 MB to 126.5 MB.
Total: 3.134600 ms (FindLiveObjects: 0.280800 ms CreateObjectMapping: 0.247000 ms MarkObjects: 2.493500 ms  DeleteObjects: 0.112200 ms)

AssetImportParameters requested are different than current active one (requested -> active):
  custom:container-demuxer-ogg: 62fdf1f143b41e24485cea50d1cbac27 -> 
  custom:video-codec-MediaFoundation-h265: 746d11721c4dcdbdad8f713fa42b33f4 -> 
  custom:video-decoder-ogg-theora: a1e56fd34408186e4bbccfd4996cb3dc -> 
  custom:framework-win-MediaFoundation: 216162199b28c13a410421893ffa2e32 -> 
  custom:CustomObjectIndexerAttribute: 6d391050e5a25f67b0a2c618074f2cd9 -> 
  custom:container-demuxer-webm: 4f35f7cbe854078d1ac9338744f61a02 -> 
  custom:container-muxer-webm: aa71ff27fc2769a1b78a27578f13a17b -> 
  custom:video-decoder-webm-vp8: 9c59270c3fd7afecdb556c50c9e8de78 -> 
  custom:SearchIndexIgnoredProperties: e643bd26f0fe6173181afceb89e7c659 -> 
  custom:AudioImporter_EditorPlatform: d09bf68614088b80899f8185d706f6e7 -> 
  custom:video-encoder-webm-vp8: eb34c28f22e8b96e1ab97ce403110664 -> 
  custom:audio-decoder-ogg-vorbis: bf7c407c2cedff20999df2af8eb42d56 -> 
  custom:audio-encoder-webm-vorbis: bf7c407c2cedff20999df2af8eb42d56 -> 
========================================================================
Received Import Request.
  Time since last request: 74305.702290 seconds.
  path: Assets/Prefabs/Bee.prefab
  artifactKey: Guid(b9abd7a0a68f7844f8a5b331463d9187) Importer(815301076,1909f56bfc062723c751e8b465ee728b)
Start importing Assets/Prefabs/Bee.prefab using Guid(b9abd7a0a68f7844f8a5b331463d9187) Importer(815301076,1909f56bfc062723c751e8b465ee728b)  -> (artifact id: 'b88f1ccdccb3dbbb444c660add8c7849') in 0.112602 seconds
Number of updated asset objects reloaded before import = 0
Number of asset objects unloaded after import = 9
========================================================================
Received Import Request.
  Time since last request: 6.677014 seconds.
  path: Assets/Prefabs/Bee.prefab
  artifactKey: Guid(b9abd7a0a68f7844f8a5b331463d9187) Importer(815301076,1909f56bfc062723c751e8b465ee728b)
Start importing Assets/Prefabs/Bee.prefab using Guid(b9abd7a0a68f7844f8a5b331463d9187) Importer(815301076,1909f56bfc062723c751e8b465ee728b)  -> (artifact id: '0bcc7a9a0fd90e57df48c9276e33f29d') in 0.008705 seconds
Number of updated asset objects reloaded before import = 0
Number of asset objects unloaded after import = 9
========================================================================
Received Import Request.
  Time since last request: 1.403804 seconds.
  path: Assets/Prefabs/Bee.prefab
  artifactKey: Guid(b9abd7a0a68f7844f8a5b331463d9187) Importer(815301076,1909f56bfc062723c751e8b465ee728b)
Start importing Assets/Prefabs/Bee.prefab using Guid(b9abd7a0a68f7844f8a5b331463d9187) Importer(815301076,1909f56bfc062723c751e8b465ee728b)  -> (artifact id: 'b38fba1f16d0fbf9b8e698a8537b7f61') in 0.008663 seconds
Number of updated asset objects reloaded before import = 0
Number of asset objects unloaded after import = 9
========================================================================
Received Import Request.
  Time since last request: 3.009510 seconds.
  path: Assets/Prefabs/Bee.prefab
  artifactKey: Guid(b9abd7a0a68f7844f8a5b331463d9187) Importer(815301076,1909f56bfc062723c751e8b465ee728b)
Start importing Assets/Prefabs/Bee.prefab using Guid(b9abd7a0a68f7844f8a5b331463d9187) Importer(815301076,1909f56bfc062723c751e8b465ee728b)  -> (artifact id: 'c36365c213f3ca4baa911866776a269f') in 0.007767 seconds
Number of updated asset objects reloaded before import = 0
Number of asset objects unloaded after import = 9
========================================================================
Received Import Request.
  Time since last request: 49.513804 seconds.
  path: Assets/Prefabs/Bee.prefab
  artifactKey: Guid(b9abd7a0a68f7844f8a5b331463d9187) Importer(815301076,1909f56bfc062723c751e8b465ee728b)
Start importing Assets/Prefabs/Bee.prefab using Guid(b9abd7a0a68f7844f8a5b331463d9187) Importer(815301076,1909f56bfc062723c751e8b465ee728b)  -> (artifact id: 'fe8b89b7a70d5a5a18403ff5fd275952') in 0.014062 seconds
Number of updated asset objects reloaded before import = 0
Number of asset objects unloaded after import = 9
========================================================================
Received Import Request.
  Time since last request: 6.561252 seconds.
  path: Assets/Prefabs/Bee.prefab
  artifactKey: Guid(b9abd7a0a68f7844f8a5b331463d9187) Importer(815301076,1909f56bfc062723c751e8b465ee728b)
Start importing Assets/Prefabs/Bee.prefab using Guid(b9abd7a0a68f7844f8a5b331463d9187) Importer(815301076,1909f56bfc062723c751e8b465ee728b)  -> (artifact id: '79cca1f5b914a9c9f2effd1b9c9de396') in 0.008045 seconds
Number of updated asset objects reloaded before import = 0
Number of asset objects unloaded after import = 14
========================================================================
Received Import Request.
  Time since last request: 9.476395 seconds.
  path: Assets/Prefabs/Bee.prefab
  artifactKey: Guid(b9abd7a0a68f7844f8a5b331463d9187) Importer(815301076,1909f56bfc062723c751e8b465ee728b)
Start importing Assets/Prefabs/Bee.prefab using Guid(b9abd7a0a68f7844f8a5b331463d9187) Importer(815301076,1909f56bfc062723c751e8b465ee728b)  -> (artifact id: '8e3ae73bb58411b33595c4bf3ac97db8') in 0.009234 seconds
Number of updated asset objects reloaded before import = 0
Number of asset objects unloaded after import = 14
========================================================================
Received Import Request.
  Time since last request: 8.662640 seconds.
  path: Assets/Prefabs/Bee.prefab
  artifactKey: Guid(b9abd7a0a68f7844f8a5b331463d9187) Importer(815301076,1909f56bfc062723c751e8b465ee728b)
Start importing Assets/Prefabs/Bee.prefab using Guid(b9abd7a0a68f7844f8a5b331463d9187) Importer(815301076,1909f56bfc062723c751e8b465ee728b)  -> (artifact id: '56415dcac6bef7c992f5aa0accbfbc88') in 0.008682 seconds
Number of updated asset objects reloaded before import = 0
Number of asset objects unloaded after import = 19
========================================================================
Received Import Request.
  Time since last request: 5.669836 seconds.
  path: Assets/Prefabs/Bee.prefab
  artifactKey: Guid(b9abd7a0a68f7844f8a5b331463d9187) Importer(815301076,1909f56bfc062723c751e8b465ee728b)
Start importing Assets/Prefabs/Bee.prefab using Guid(b9abd7a0a68f7844f8a5b331463d9187) Importer(815301076,1909f56bfc062723c751e8b465ee728b)  -> (artifact id: 'e134543ea82b94c001866e4f3093b2d5') in 0.009957 seconds
Number of updated asset objects reloaded before import = 0
Number of asset objects unloaded after import = 19
========================================================================
Received Import Request.
  Time since last request: 13.121326 seconds.
  path: Assets/Prefabs/Bee.prefab
  artifactKey: Guid(b9abd7a0a68f7844f8a5b331463d9187) Importer(815301076,1909f56bfc062723c751e8b465ee728b)
Start importing Assets/Prefabs/Bee.prefab using Guid(b9abd7a0a68f7844f8a5b331463d9187) Importer(815301076,1909f56bfc062723c751e8b465ee728b)  -> (artifact id: 'df4d06012186ad60e6c5d84ab7c1952d') in 0.007185 seconds
Number of updated asset objects reloaded before import = 0
Number of asset objects unloaded after import = 19
========================================================================
Received Import Request.
  Time since last request: 49.717171 seconds.
  path: Assets/Prefabs/Bee.prefab
  artifactKey: Guid(b9abd7a0a68f7844f8a5b331463d9187) Importer(815301076,1909f56bfc062723c751e8b465ee728b)
Start importing Assets/Prefabs/Bee.prefab using Guid(b9abd7a0a68f7844f8a5b331463d9187) Importer(815301076,1909f56bfc062723c751e8b465ee728b)  -> (artifact id: '78c55b195dcc7ff5dee3a5780c2ed6ad') in 0.008158 seconds
Number of updated asset objects reloaded before import = 0
Number of asset objects unloaded after import = 24
========================================================================
Received Import Request.
  Time since last request: 4.002873 seconds.
  path: Assets/Prefabs/Bee.prefab
  artifactKey: Guid(b9abd7a0a68f7844f8a5b331463d9187) Importer(815301076,1909f56bfc062723c751e8b465ee728b)
Start importing Assets/Prefabs/Bee.prefab using Guid(b9abd7a0a68f7844f8a5b331463d9187) Importer(815301076,1909f56bfc062723c751e8b465ee728b)  -> (artifact id: '2bc47b191202d1d317b16ddaac0a1946') in 0.008041 seconds
Number of updated asset objects reloaded before import = 0
Number of asset objects unloaded after import = 24
========================================================================
Received Import Request.
  Time since last request: 7.066486 seconds.
  path: Assets/Prefabs/Bee.prefab
  artifactKey: Guid(b9abd7a0a68f7844f8a5b331463d9187) Importer(815301076,1909f56bfc062723c751e8b465ee728b)
Start importing Assets/Prefabs/Bee.prefab using Guid(b9abd7a0a68f7844f8a5b331463d9187) Importer(815301076,1909f56bfc062723c751e8b465ee728b)  -> (artifact id: '4cd9ce0d77eb9669da105685e3d74c1b') in 0.009724 seconds
Number of updated asset objects reloaded before import = 0
Number of asset objects unloaded after import = 24
========================================================================
Received Import Request.
  Time since last request: 3.398548 seconds.
  path: Assets/Prefabs/Bee.prefab
  artifactKey: Guid(b9abd7a0a68f7844f8a5b331463d9187) Importer(815301076,1909f56bfc062723c751e8b465ee728b)
Start importing Assets/Prefabs/Bee.prefab using Guid(b9abd7a0a68f7844f8a5b331463d9187) Importer(815301076,1909f56bfc062723c751e8b465ee728b)  -> (artifact id: '476de2a08685820d2cf462f7ebe9050d') in 0.007744 seconds
Number of updated asset objects reloaded before import = 0
Number of asset objects unloaded after import = 24
========================================================================
Received Import Request.
  Time since last request: 22.398814 seconds.
  path: Assets/Prefabs/Bee.prefab
  artifactKey: Guid(b9abd7a0a68f7844f8a5b331463d9187) Importer(815301076,1909f56bfc062723c751e8b465ee728b)
Start importing Assets/Prefabs/Bee.prefab using Guid(b9abd7a0a68f7844f8a5b331463d9187) Importer(815301076,1909f56bfc062723c751e8b465ee728b)  -> (artifact id: '4b6120be55c9586783f537a078859170') in 0.007502 seconds
Number of updated asset objects reloaded before import = 0
Number of asset objects unloaded after import = 24
========================================================================
Received Import Request.
  Time since last request: 29.915715 seconds.
  path: Assets/Prefabs/Bee.prefab
  artifactKey: Guid(b9abd7a0a68f7844f8a5b331463d9187) Importer(815301076,1909f56bfc062723c751e8b465ee728b)
Start importing Assets/Prefabs/Bee.prefab using Guid(b9abd7a0a68f7844f8a5b331463d9187) Importer(815301076,1909f56bfc062723c751e8b465ee728b)  -> (artifact id: 'ebdc6b30cf9b0cb713442085119cce86') in 0.008630 seconds
Number of updated asset objects reloaded before import = 0
Number of asset objects unloaded after import = 24
========================================================================
Received Import Request.
  Time since last request: 2.409741 seconds.
  path: Assets/Prefabs/Bee.prefab
  artifactKey: Guid(b9abd7a0a68f7844f8a5b331463d9187) Importer(815301076,1909f56bfc062723c751e8b465ee728b)
Start importing Assets/Prefabs/Bee.prefab using Guid(b9abd7a0a68f7844f8a5b331463d9187) Importer(815301076,1909f56bfc062723c751e8b465ee728b)  -> (artifact id: '50b0b264b470b0b8b882d3f2410e5a7f') in 0.006835 seconds
Number of updated asset objects reloaded before import = 0
Number of asset objects unloaded after import = 29
========================================================================
Received Import Request.
  Time since last request: 6.857142 seconds.
  path: Assets/Prefabs/Bee.prefab
  artifactKey: Guid(b9abd7a0a68f7844f8a5b331463d9187) Importer(815301076,1909f56bfc062723c751e8b465ee728b)
Start importing Assets/Prefabs/Bee.prefab using Guid(b9abd7a0a68f7844f8a5b331463d9187) Importer(815301076,1909f56bfc062723c751e8b465ee728b)  -> (artifact id: '0cf2667821a6d606a2c03665f4ff7abc') in 0.007853 seconds
Number of updated asset objects reloaded before import = 0
Number of asset objects unloaded after import = 29
========================================================================
Received Import Request.
  Time since last request: 1.409220 seconds.
  path: Assets/Prefabs/Bee.prefab
  artifactKey: Guid(b9abd7a0a68f7844f8a5b331463d9187) Importer(815301076,1909f56bfc062723c751e8b465ee728b)
Start importing Assets/Prefabs/Bee.prefab using Guid(b9abd7a0a68f7844f8a5b331463d9187) Importer(815301076,1909f56bfc062723c751e8b465ee728b)  -> (artifact id: '27e52b444d013b8d1ae120c4cf43e57b') in 0.007531 seconds
Number of updated asset objects reloaded before import = 0
Number of asset objects unloaded after import = 29
========================================================================
Received Import Request.
  Time since last request: 16.352538 seconds.
  path: Assets/Prefabs/Bee.prefab
  artifactKey: Guid(b9abd7a0a68f7844f8a5b331463d9187) Importer(815301076,1909f56bfc062723c751e8b465ee728b)
Start importing Assets/Prefabs/Bee.prefab using Guid(b9abd7a0a68f7844f8a5b331463d9187) Importer(815301076,1909f56bfc062723c751e8b465ee728b)  -> (artifact id: 'a8a0e56f916bd82c94cb2dd4af925faf') in 0.007228 seconds
Number of updated asset objects reloaded before import = 0
Number of asset objects unloaded after import = 29
========================================================================
Received Import Request.
  Time since last request: 7.701244 seconds.
  path: Assets/Prefabs/Bee.prefab
  artifactKey: Guid(b9abd7a0a68f7844f8a5b331463d9187) Importer(815301076,1909f56bfc062723c751e8b465ee728b)
Start importing Assets/Prefabs/Bee.prefab using Guid(b9abd7a0a68f7844f8a5b331463d9187) Importer(815301076,1909f56bfc062723c751e8b465ee728b)  -> (artifact id: 'fb21401af7cf4df60fbdf3a7b58297b7') in 0.008002 seconds
Number of updated asset objects reloaded before import = 0
Number of asset objects unloaded after import = 29
========================================================================
Received Import Request.
  Time since last request: 602.178568 seconds.
  path: Assets/Prefabs/Bee.prefab
  artifactKey: Guid(b9abd7a0a68f7844f8a5b331463d9187) Importer(815301076,1909f56bfc062723c751e8b465ee728b)
Start importing Assets/Prefabs/Bee.prefab using Guid(b9abd7a0a68f7844f8a5b331463d9187) Importer(815301076,1909f56bfc062723c751e8b465ee728b)  -> (artifact id: '6fb0a0993aabf4a398326a6b95449915') in 0.030307 seconds
Number of updated asset objects reloaded before import = 0
Number of asset objects unloaded after import = 29
========================================================================
Received Import Request.
  Time since last request: 4.003366 seconds.
  path: Assets/Prefabs/Bee.prefab
  artifactKey: Guid(b9abd7a0a68f7844f8a5b331463d9187) Importer(815301076,1909f56bfc062723c751e8b465ee728b)
Start importing Assets/Prefabs/Bee.prefab using Guid(b9abd7a0a68f7844f8a5b331463d9187) Importer(815301076,1909f56bfc062723c751e8b465ee728b)  -> (artifact id: '22d5df2c6e450e3496176d07d82ecf5a') in 0.007647 seconds
Number of updated asset objects reloaded before import = 0
Number of asset objects unloaded after import = 29
========================================================================
Received Import Request.
  Time since last request: 6.255811 seconds.
  path: Assets/Prefabs/Bee.prefab
  artifactKey: Guid(b9abd7a0a68f7844f8a5b331463d9187) Importer(815301076,1909f56bfc062723c751e8b465ee728b)
Start importing Assets/Prefabs/Bee.prefab using Guid(b9abd7a0a68f7844f8a5b331463d9187) Importer(815301076,1909f56bfc062723c751e8b465ee728b)  -> (artifact id: '8f54dcfb9e3d19442be5eaabf330e2f4') in 0.008639 seconds
Number of updated asset objects reloaded before import = 0
Number of asset objects unloaded after import = 29
========================================================================
Received Import Request.
  Time since last request: 4.444814 seconds.
  path: Assets/Prefabs/Bee.prefab
  artifactKey: Guid(b9abd7a0a68f7844f8a5b331463d9187) Importer(815301076,1909f56bfc062723c751e8b465ee728b)
Start importing Assets/Prefabs/Bee.prefab using Guid(b9abd7a0a68f7844f8a5b331463d9187) Importer(815301076,1909f56bfc062723c751e8b465ee728b)  -> (artifact id: '865e4ae3e1599eb5cfa80fdf68e8b054') in 0.007899 seconds
Number of updated asset objects reloaded before import = 0
Number of asset objects unloaded after import = 29
========================================================================
Received Import Request.
  Time since last request: 14.307815 seconds.
  path: Assets/Prefabs/Bee.prefab
  artifactKey: Guid(b9abd7a0a68f7844f8a5b331463d9187) Importer(815301076,1909f56bfc062723c751e8b465ee728b)
Start importing Assets/Prefabs/Bee.prefab using Guid(b9abd7a0a68f7844f8a5b331463d9187) Importer(815301076,1909f56bfc062723c751e8b465ee728b)  -> (artifact id: '69c98ac9c9002570a13a7f66847ff25d') in 0.007076 seconds
Number of updated asset objects reloaded before import = 0
Number of asset objects unloaded after import = 29
========================================================================
Received Import Request.
  Time since last request: 7.043482 seconds.
  path: Assets/Prefabs/Bee.prefab
  artifactKey: Guid(b9abd7a0a68f7844f8a5b331463d9187) Importer(815301076,1909f56bfc062723c751e8b465ee728b)
Start importing Assets/Prefabs/Bee.prefab using Guid(b9abd7a0a68f7844f8a5b331463d9187) Importer(815301076,1909f56bfc062723c751e8b465ee728b)  -> (artifact id: '4bd6d41bae52e22c7ddc322c67ac014b') in 0.007375 seconds
Number of updated asset objects reloaded before import = 0
Number of asset objects unloaded after import = 29
========================================================================
Received Import Request.
  Time since last request: 5.439834 seconds.
  path: Assets/Prefabs/Bee.prefab
  artifactKey: Guid(b9abd7a0a68f7844f8a5b331463d9187) Importer(815301076,1909f56bfc062723c751e8b465ee728b)
Start importing Assets/Prefabs/Bee.prefab using Guid(b9abd7a0a68f7844f8a5b331463d9187) Importer(815301076,1909f56bfc062723c751e8b465ee728b)  -> (artifact id: '023c61d6ac3bc1c8e3392079bcc3a388') in 0.006415 seconds
Number of updated asset objects reloaded before import = 0
Number of asset objects unloaded after import = 29
========================================================================
Received Import Request.
  Time since last request: 4.057426 seconds.
  path: Assets/Prefabs/Bee.prefab
  artifactKey: Guid(b9abd7a0a68f7844f8a5b331463d9187) Importer(815301076,1909f56bfc062723c751e8b465ee728b)
Start importing Assets/Prefabs/Bee.prefab using Guid(b9abd7a0a68f7844f8a5b331463d9187) Importer(815301076,1909f56bfc062723c751e8b465ee728b)  -> (artifact id: '07805c0e41ace4ec4c75dba2100e5f04') in 0.007920 seconds
Number of updated asset objects reloaded before import = 0
Number of asset objects unloaded after import = 29
========================================================================
Received Import Request.
  Time since last request: 21.374538 seconds.
  path: Assets/Prefabs/Bee.prefab
  artifactKey: Guid(b9abd7a0a68f7844f8a5b331463d9187) Importer(815301076,1909f56bfc062723c751e8b465ee728b)
Start importing Assets/Prefabs/Bee.prefab using Guid(b9abd7a0a68f7844f8a5b331463d9187) Importer(815301076,1909f56bfc062723c751e8b465ee728b)  -> (artifact id: 'b3daaedbe4eacc73742c1b79e70f5178') in 0.006741 seconds
Number of updated asset objects reloaded before import = 0
Number of asset objects unloaded after import = 29
========================================================================
Received Import Request.
  Time since last request: 28.630977 seconds.
  path: Assets/Prefabs/Bee.prefab
  artifactKey: Guid(b9abd7a0a68f7844f8a5b331463d9187) Importer(815301076,1909f56bfc062723c751e8b465ee728b)
Start importing Assets/Prefabs/Bee.prefab using Guid(b9abd7a0a68f7844f8a5b331463d9187) Importer(815301076,1909f56bfc062723c751e8b465ee728b)  -> (artifact id: 'ca53cf4a7f8cc0df9f1e900aac3068db') in 0.006928 seconds
Number of updated asset objects reloaded before import = 0
Number of asset objects unloaded after import = 29
========================================================================
Received Import Request.
  Time since last request: 212.843472 seconds.
  path: Assets/Art Assets/Materials/Beehive.mat
  artifactKey: Guid(1df2393e221ee5141a77b8f3655acf2c) Importer(815301076,1909f56bfc062723c751e8b465ee728b)
Start importing Assets/Art Assets/Materials/Beehive.mat using Guid(1df2393e221ee5141a77b8f3655acf2c) Importer(815301076,1909f56bfc062723c751e8b465ee728b)  -> (artifact id: 'd709b506184d95e80974f81e542bfb5f') in 0.032173 seconds
Number of updated asset objects reloaded before import = 0
Number of asset objects unloaded after import = 1
========================================================================
Received Import Request.
  Time since last request: 6.862020 seconds.
  path: Assets/Art Assets/Materials/Wings.mat
  artifactKey: Guid(c7d19f25b074bde4082fc1830b3b9e30) Importer(815301076,1909f56bfc062723c751e8b465ee728b)
Start importing Assets/Art Assets/Materials/Wings.mat using Guid(c7d19f25b074bde4082fc1830b3b9e30) Importer(815301076,1909f56bfc062723c751e8b465ee728b)  -> (artifact id: 'e265d29e7812c7c6bee28ecd43345ffd') in 0.008144 seconds
Number of updated asset objects reloaded before import = 0
Number of asset objects unloaded after import = 1
========================================================================
Received Import Request.
  Time since last request: 37.760283 seconds.
  path: Assets/Art Assets/Materials/BeeBody.mat
  artifactKey: Guid(c03dd037d7fa98746a63fb5ea0ad5003) Importer(815301076,1909f56bfc062723c751e8b465ee728b)
Start importing Assets/Art Assets/Materials/BeeBody.mat using Guid(c03dd037d7fa98746a63fb5ea0ad5003) Importer(815301076,1909f56bfc062723c751e8b465ee728b)  -> (artifact id: 'ab6cae749d0544e2cfb1cddfb5ed7b48') in 0.009403 seconds
Number of updated asset objects reloaded before import = 0
Number of asset objects unloaded after import = 1
========================================================================
Received Import Request.
  Time since last request: 15.962656 seconds.
  path: Assets/Art Assets/Materials/BeeCaps.mat
  artifactKey: Guid(f22ff06f6e8afa54d85b1ba61a0b5be0) Importer(815301076,1909f56bfc062723c751e8b465ee728b)
Start importing Assets/Art Assets/Materials/BeeCaps.mat using Guid(f22ff06f6e8afa54d85b1ba61a0b5be0) Importer(815301076,1909f56bfc062723c751e8b465ee728b)  -> (artifact id: 'a447b3953d04aeedc37f2d9a56b4b7df') in 0.011803 seconds
Number of updated asset objects reloaded before import = 0
Number of asset objects unloaded after import = 1
========================================================================
Received Prepare
Begin MonoManager ReloadAssembly
- Loaded All Assemblies, in  0.625 seconds
Refreshing native plugins compatible for Editor in 8.95 ms, found 3 plugins.
Native extension for WindowsStandalone target not found
[Package Manager] Server::EnsureServerProcessIsRunning -- launch failed, reason: Unity was launched with the -noUpm command-line argument
[Package Manager] UpmClient::Send -- Unable to send message (not connected to UPM process).
[Package Manager] Cannot connect to Unity Package Manager local server
Mono: successfully reloaded assembly
- Finished resetting the current domain, in  1.332 seconds
Domain Reload Profiling: 1951ms
	BeginReloadAssembly (195ms)
		ExecutionOrderSort (0ms)
		DisableScriptedObjects (8ms)
		BackupInstance (0ms)
		ReleaseScriptingObjects (0ms)
		CreateAndSetChildDomain (39ms)
	RebuildCommonClasses (57ms)
	RebuildNativeTypeToScriptingClass (19ms)
	initialDomainReloadingComplete (48ms)
	LoadAllAssembliesAndSetupDomain (299ms)
		LoadAssemblies (398ms)
		RebuildTransferFunctionScriptingTraits (0ms)
		AnalyzeDomain (13ms)
			TypeCache.Refresh (6ms)
				TypeCache.ScanAssembly (0ms)
			ScanForSourceGeneratedMonoScriptInfo (0ms)
			ResolveRequiredComponents (5ms)
	FinalizeReload (1333ms)
		ReleaseScriptCaches (0ms)
		RebuildScriptCaches (0ms)
		SetupLoadedEditorAssemblies (481ms)
			LogAssemblyErrors (0ms)
			InitializePlatformSupportModulesInManaged (10ms)
			SetLoadedEditorAssemblies (5ms)
			RefreshPlugins (0ms)
			BeforeProcessingInitializeOnLoad (87ms)
			ProcessInitializeOnLoadAttributes (336ms)
			ProcessInitializeOnLoadMethodAttributes (25ms)
			AfterProcessingInitializeOnLoad (17ms)
			EditorAssembliesLoaded (0ms)
		ExecutionOrderSort2 (0ms)
		AwakeInstancesAfterBackupRestoration (10ms)
Refreshing native plugins compatible for Editor in 8.57 ms, found 3 plugins.
Preloading 0 native plugins for Editor in 0.00 ms.
Unloading 3081 Unused Serialized files (Serialized files now loaded: 0)
Unloading 22 unused Assets / (30.2 KB). Loaded Objects now: 3611.
Memory consumption went from 129.0 MB to 129.0 MB.
Total: 3.685900 ms (FindLiveObjects: 0.278900 ms CreateObjectMapping: 0.223700 ms MarkObjects: 3.126800 ms  DeleteObjects: 0.055000 ms)

Prepare: number of updated asset objects reloaded= 0
AssetImportParameters requested are different than current active one (requested -> active):
  custom:container-demuxer-ogg: 62fdf1f143b41e24485cea50d1cbac27 -> 
  custom:video-codec-MediaFoundation-h265: 746d11721c4dcdbdad8f713fa42b33f4 -> 
  custom:video-decoder-ogg-theora: a1e56fd34408186e4bbccfd4996cb3dc -> 
  custom:framework-win-MediaFoundation: 216162199b28c13a410421893ffa2e32 -> 
  custom:CustomObjectIndexerAttribute: 6d391050e5a25f67b0a2c618074f2cd9 -> 
  custom:container-demuxer-webm: 4f35f7cbe854078d1ac9338744f61a02 -> 
  custom:container-muxer-webm: aa71ff27fc2769a1b78a27578f13a17b -> 
  custom:video-decoder-webm-vp8: 9c59270c3fd7afecdb556c50c9e8de78 -> 
  custom:SearchIndexIgnoredProperties: e643bd26f0fe6173181afceb89e7c659 -> 
  custom:AudioImporter_EditorPlatform: d09bf68614088b80899f8185d706f6e7 -> 
  custom:video-encoder-webm-vp8: eb34c28f22e8b96e1ab97ce403110664 -> 
  custom:audio-decoder-ogg-vorbis: bf7c407c2cedff20999df2af8eb42d56 -> 
  custom:audio-encoder-webm-vorbis: bf7c407c2cedff20999df2af8eb42d56 -> 
========================================================================
Received Import Request.
  Time since last request: 363.742804 seconds.
  path: Assets/Prefabs/Bee.prefab
  artifactKey: Guid(b9abd7a0a68f7844f8a5b331463d9187) Importer(815301076,1909f56bfc062723c751e8b465ee728b)
Start importing Assets/Prefabs/Bee.prefab using Guid(b9abd7a0a68f7844f8a5b331463d9187) Importer(815301076,1909f56bfc062723c751e8b465ee728b)  -> (artifact id: '203a45e368fb207d7902d2574bc09bec') in 0.088687 seconds
Number of updated asset objects reloaded before import = 0
Number of asset objects unloaded after import = 32
========================================================================
Received Import Request.
  Time since last request: 3.356959 seconds.
  path: Assets/Prefabs/Beehive.prefab
  artifactKey: Guid(1ef9ad327be569348b9598b73d0f2db0) Importer(815301076,1909f56bfc062723c751e8b465ee728b)
Start importing Assets/Prefabs/Beehive.prefab using Guid(1ef9ad327be569348b9598b73d0f2db0) Importer(815301076,1909f56bfc062723c751e8b465ee728b)  -> (artifact id: '1db020efc9e19675cfbc260d391d965d') in 0.015184 seconds
Number of updated asset objects reloaded before import = 0
Number of asset objects unloaded after import = 88
========================================================================
Received Import Request.
  Time since last request: 2.890726 seconds.
  path: Assets/Prefabs/Beehive.prefab
  artifactKey: Guid(1ef9ad327be569348b9598b73d0f2db0) Importer(815301076,1909f56bfc062723c751e8b465ee728b)
Start importing Assets/Prefabs/Beehive.prefab using Guid(1ef9ad327be569348b9598b73d0f2db0) Importer(815301076,1909f56bfc062723c751e8b465ee728b)  -> (artifact id: 'd203763c897e84904215112d3858a07d') in 0.015228 seconds
Number of updated asset objects reloaded before import = 0
Number of asset objects unloaded after import = 116
========================================================================
Received Import Request.
  Time since last request: 2.492556 seconds.
  path: Assets/Prefabs/Beehive.prefab
  artifactKey: Guid(1ef9ad327be569348b9598b73d0f2db0) Importer(815301076,1909f56bfc062723c751e8b465ee728b)
Start importing Assets/Prefabs/Beehive.prefab using Guid(1ef9ad327be569348b9598b73d0f2db0) Importer(815301076,1909f56bfc062723c751e8b465ee728b)  -> (artifact id: 'ccd0237c259a5162fb447d9cf3609019') in 0.013674 seconds
Number of updated asset objects reloaded before import = 0
Number of asset objects unloaded after import = 144
========================================================================
Received Import Request.
  Time since last request: 5.016263 seconds.
  path: Assets/Prefabs/Beehive.prefab
  artifactKey: Guid(1ef9ad327be569348b9598b73d0f2db0) Importer(815301076,1909f56bfc062723c751e8b465ee728b)
Start importing Assets/Prefabs/Beehive.prefab using Guid(1ef9ad327be569348b9598b73d0f2db0) Importer(815301076,1909f56bfc062723c751e8b465ee728b)  -> (artifact id: '3198124954020ed724327e6a0ddd0f90') in 0.014194 seconds
Number of updated asset objects reloaded before import = 0
Number of asset objects unloaded after import = 144
========================================================================
Received Import Request.
  Time since last request: 4.825538 seconds.
  path: Assets/Prefabs/Beehive.prefab
  artifactKey: Guid(1ef9ad327be569348b9598b73d0f2db0) Importer(815301076,1909f56bfc062723c751e8b465ee728b)
Start importing Assets/Prefabs/Beehive.prefab using Guid(1ef9ad327be569348b9598b73d0f2db0) Importer(815301076,1909f56bfc062723c751e8b465ee728b)  -> (artifact id: '9070261ba9f461808dba94c8eaceb61e') in 0.014843 seconds
Number of updated asset objects reloaded before import = 0
Number of asset objects unloaded after import = 144
========================================================================
Received Import Request.
  Time since last request: 3.612294 seconds.
  path: Assets/Prefabs/Beehive.prefab
  artifactKey: Guid(1ef9ad327be569348b9598b73d0f2db0) Importer(815301076,1909f56bfc062723c751e8b465ee728b)
Start importing Assets/Prefabs/Beehive.prefab using Guid(1ef9ad327be569348b9598b73d0f2db0) Importer(815301076,1909f56bfc062723c751e8b465ee728b)  -> (artifact id: 'dd76c48f8b70150aeb4beae7778f8fd1') in 0.013666 seconds
Number of updated asset objects reloaded before import = 0
Number of asset objects unloaded after import = 144
========================================================================
Received Import Request.
  Time since last request: 2.202569 seconds.
  path: Assets/Prefabs/Beehive.prefab
  artifactKey: Guid(1ef9ad327be569348b9598b73d0f2db0) Importer(815301076,1909f56bfc062723c751e8b465ee728b)
Start importing Assets/Prefabs/Beehive.prefab using Guid(1ef9ad327be569348b9598b73d0f2db0) Importer(815301076,1909f56bfc062723c751e8b465ee728b)  -> (artifact id: '287098371abfea6e5f92e214f23dc335') in 0.013227 seconds
Number of updated asset objects reloaded before import = 0
Number of asset objects unloaded after import = 144
========================================================================
Received Import Request.
  Time since last request: 2.406348 seconds.
  path: Assets/Prefabs/Beehive.prefab
  artifactKey: Guid(1ef9ad327be569348b9598b73d0f2db0) Importer(815301076,1909f56bfc062723c751e8b465ee728b)
Start importing Assets/Prefabs/Beehive.prefab using Guid(1ef9ad327be569348b9598b73d0f2db0) Importer(815301076,1909f56bfc062723c751e8b465ee728b)  -> (artifact id: '96fafa70dad76a38f7cb015a119cb5d2') in 0.013991 seconds
Number of updated asset objects reloaded before import = 0
Number of asset objects unloaded after import = 144
========================================================================
Received Import Request.
  Time since last request: 5.830311 seconds.
  path: Assets/Prefabs/Beehive.prefab
  artifactKey: Guid(1ef9ad327be569348b9598b73d0f2db0) Importer(815301076,1909f56bfc062723c751e8b465ee728b)
Start importing Assets/Prefabs/Beehive.prefab using Guid(1ef9ad327be569348b9598b73d0f2db0) Importer(815301076,1909f56bfc062723c751e8b465ee728b)  -> (artifact id: 'c2a3157b4712dcdf8cd282f8d9ab679b') in 0.017023 seconds
Number of updated asset objects reloaded before import = 0
Number of asset objects unloaded after import = 144
========================================================================
Received Import Request.
  Time since last request: 2.004244 seconds.
  path: Assets/Prefabs/Beehive.prefab
  artifactKey: Guid(1ef9ad327be569348b9598b73d0f2db0) Importer(815301076,1909f56bfc062723c751e8b465ee728b)
Start importing Assets/Prefabs/Beehive.prefab using Guid(1ef9ad327be569348b9598b73d0f2db0) Importer(815301076,1909f56bfc062723c751e8b465ee728b)  -> (artifact id: '8fdd1f1327d4755ad021a601a563d2a0') in 0.017316 seconds
Number of updated asset objects reloaded before import = 0
Number of asset objects unloaded after import = 144
========================================================================
Received Import Request.
  Time since last request: 14.116111 seconds.
  path: Assets/Prefabs/Bee.prefab
  artifactKey: Guid(b9abd7a0a68f7844f8a5b331463d9187) Importer(815301076,1909f56bfc062723c751e8b465ee728b)
Start importing Assets/Prefabs/Bee.prefab using Guid(b9abd7a0a68f7844f8a5b331463d9187) Importer(815301076,1909f56bfc062723c751e8b465ee728b)  -> (artifact id: 'b00b5e93a68e3b03f21b7cdc43735e75') in 0.016054 seconds
Number of updated asset objects reloaded before import = 0
Number of asset objects unloaded after import = 32
========================================================================
Received Import Request.
  Time since last request: 6.833819 seconds.
  path: Assets/Prefabs/Bee.prefab
  artifactKey: Guid(b9abd7a0a68f7844f8a5b331463d9187) Importer(815301076,1909f56bfc062723c751e8b465ee728b)
Start importing Assets/Prefabs/Bee.prefab using Guid(b9abd7a0a68f7844f8a5b331463d9187) Importer(815301076,1909f56bfc062723c751e8b465ee728b)  -> (artifact id: 'ec88b5604a8acf1ea672f03cf75b272e') in 0.013626 seconds
Number of updated asset objects reloaded before import = 0
Number of asset objects unloaded after import = 32
========================================================================
Received Import Request.
  Time since last request: 2.600020 seconds.
  path: Assets/Prefabs/Bee.prefab
  artifactKey: Guid(b9abd7a0a68f7844f8a5b331463d9187) Importer(815301076,1909f56bfc062723c751e8b465ee728b)
Start importing Assets/Prefabs/Bee.prefab using Guid(b9abd7a0a68f7844f8a5b331463d9187) Importer(815301076,1909f56bfc062723c751e8b465ee728b)  -> (artifact id: '2155ca430f0892e8302fe08381e2c1c3') in 0.010571 seconds
Number of updated asset objects reloaded before import = 0
Number of asset objects unloaded after import = 32
========================================================================
Received Prepare
Begin MonoManager ReloadAssembly
- Loaded All Assemblies, in  0.577 seconds
Refreshing native plugins compatible for Editor in 9.07 ms, found 3 plugins.
Native extension for WindowsStandalone target not found
[Package Manager] Server::EnsureServerProcessIsRunning -- launch failed, reason: Unity was launched with the -noUpm command-line argument
[Package Manager] UpmClient::Send -- Unable to send message (not connected to UPM process).
[Package Manager] Cannot connect to Unity Package Manager local server
Mono: successfully reloaded assembly
- Finished resetting the current domain, in  1.431 seconds
Domain Reload Profiling: 2001ms
	BeginReloadAssembly (181ms)
		ExecutionOrderSort (0ms)
		DisableScriptedObjects (5ms)
		BackupInstance (0ms)
		ReleaseScriptingObjects (0ms)
		CreateAndSetChildDomain (34ms)
	RebuildCommonClasses (45ms)
	RebuildNativeTypeToScriptingClass (12ms)
	initialDomainReloadingComplete (41ms)
	LoadAllAssembliesAndSetupDomain (290ms)
		LoadAssemblies (381ms)
		RebuildTransferFunctionScriptingTraits (0ms)
		AnalyzeDomain (17ms)
			TypeCache.Refresh (7ms)
				TypeCache.ScanAssembly (0ms)
			ScanForSourceGeneratedMonoScriptInfo (0ms)
			ResolveRequiredComponents (8ms)
	FinalizeReload (1432ms)
		ReleaseScriptCaches (0ms)
		RebuildScriptCaches (0ms)
		SetupLoadedEditorAssemblies (520ms)
			LogAssemblyErrors (0ms)
			InitializePlatformSupportModulesInManaged (10ms)
			SetLoadedEditorAssemblies (5ms)
			RefreshPlugins (0ms)
			BeforeProcessingInitializeOnLoad (89ms)
			ProcessInitializeOnLoadAttributes (373ms)
			ProcessInitializeOnLoadMethodAttributes (25ms)
			AfterProcessingInitializeOnLoad (17ms)
			EditorAssembliesLoaded (0ms)
		ExecutionOrderSort2 (0ms)
		AwakeInstancesAfterBackupRestoration (10ms)
Refreshing native plugins compatible for Editor in 8.57 ms, found 3 plugins.
Preloading 0 native plugins for Editor in 0.00 ms.
Unloading 3081 Unused Serialized files (Serialized files now loaded: 0)
Unloading 22 unused Assets / (30.2 KB). Loaded Objects now: 3614.
Memory consumption went from 131.0 MB to 131.0 MB.
Total: 2.982000 ms (FindLiveObjects: 0.258200 ms CreateObjectMapping: 0.244500 ms MarkObjects: 2.432400 ms  DeleteObjects: 0.046200 ms)

Prepare: number of updated asset objects reloaded= 0
AssetImportParameters requested are different than current active one (requested -> active):
  custom:container-demuxer-ogg: 62fdf1f143b41e24485cea50d1cbac27 -> 
  custom:video-codec-MediaFoundation-h265: 746d11721c4dcdbdad8f713fa42b33f4 -> 
  custom:video-decoder-ogg-theora: a1e56fd34408186e4bbccfd4996cb3dc -> 
  custom:framework-win-MediaFoundation: 216162199b28c13a410421893ffa2e32 -> 
  custom:CustomObjectIndexerAttribute: 6d391050e5a25f67b0a2c618074f2cd9 -> 
  custom:container-demuxer-webm: 4f35f7cbe854078d1ac9338744f61a02 -> 
  custom:container-muxer-webm: aa71ff27fc2769a1b78a27578f13a17b -> 
  custom:video-decoder-webm-vp8: 9c59270c3fd7afecdb556c50c9e8de78 -> 
  custom:SearchIndexIgnoredProperties: e643bd26f0fe6173181afceb89e7c659 -> 
  custom:AudioImporter_EditorPlatform: d09bf68614088b80899f8185d706f6e7 -> 
  custom:video-encoder-webm-vp8: eb34c28f22e8b96e1ab97ce403110664 -> 
  custom:audio-decoder-ogg-vorbis: bf7c407c2cedff20999df2af8eb42d56 -> 
  custom:audio-encoder-webm-vorbis: bf7c407c2cedff20999df2af8eb42d56 -> 
========================================================================
Received Import Request.
  Time since last request: 334.697568 seconds.
  path: Assets/Prefabs/Beehive.prefab
  artifactKey: Guid(1ef9ad327be569348b9598b73d0f2db0) Importer(815301076,1909f56bfc062723c751e8b465ee728b)
Start importing Assets/Prefabs/Beehive.prefab using Guid(1ef9ad327be569348b9598b73d0f2db0) Importer(815301076,1909f56bfc062723c751e8b465ee728b)  -> (artifact id: '3c8b2b92fcef39c21dbe8de25177cd94') in 0.092164 seconds
Number of updated asset objects reloaded before import = 0
Number of asset objects unloaded after import = 146
========================================================================
Received Prepare
Begin MonoManager ReloadAssembly
- Loaded All Assemblies, in  0.542 seconds
Refreshing native plugins compatible for Editor in 7.02 ms, found 3 plugins.
Native extension for WindowsStandalone target not found
[Package Manager] Server::EnsureServerProcessIsRunning -- launch failed, reason: Unity was launched with the -noUpm command-line argument
[Package Manager] UpmClient::Send -- Unable to send message (not connected to UPM process).
[Package Manager] Cannot connect to Unity Package Manager local server
Mono: successfully reloaded assembly
- Finished resetting the current domain, in  1.335 seconds
Domain Reload Profiling: 1870ms
	BeginReloadAssembly (181ms)
		ExecutionOrderSort (0ms)
		DisableScriptedObjects (6ms)
		BackupInstance (0ms)
		ReleaseScriptingObjects (0ms)
		CreateAndSetChildDomain (36ms)
	RebuildCommonClasses (35ms)
	RebuildNativeTypeToScriptingClass (11ms)
	initialDomainReloadingComplete (40ms)
	LoadAllAssembliesAndSetupDomain (268ms)
		LoadAssemblies (360ms)
		RebuildTransferFunctionScriptingTraits (0ms)
		AnalyzeDomain (13ms)
			TypeCache.Refresh (6ms)
				TypeCache.ScanAssembly (0ms)
			ScanForSourceGeneratedMonoScriptInfo (0ms)
			ResolveRequiredComponents (5ms)
	FinalizeReload (1336ms)
		ReleaseScriptCaches (0ms)
		RebuildScriptCaches (0ms)
		SetupLoadedEditorAssemblies (524ms)
			LogAssemblyErrors (0ms)
			InitializePlatformSupportModulesInManaged (12ms)
			SetLoadedEditorAssemblies (6ms)
			RefreshPlugins (0ms)
			BeforeProcessingInitializeOnLoad (91ms)
			ProcessInitializeOnLoadAttributes (371ms)
			ProcessInitializeOnLoadMethodAttributes (26ms)
			AfterProcessingInitializeOnLoad (18ms)
			EditorAssembliesLoaded (0ms)
		ExecutionOrderSort2 (0ms)
		AwakeInstancesAfterBackupRestoration (11ms)
Refreshing native plugins compatible for Editor in 8.66 ms, found 3 plugins.
Preloading 0 native plugins for Editor in 0.00 ms.
Unloading 3081 Unused Serialized files (Serialized files now loaded: 0)
Unloading 22 unused Assets / (30.2 KB). Loaded Objects now: 3617.
Memory consumption went from 132.9 MB to 132.9 MB.
Total: 3.756500 ms (FindLiveObjects: 0.323300 ms CreateObjectMapping: 0.282900 ms MarkObjects: 3.092300 ms  DeleteObjects: 0.057000 ms)

Prepare: number of updated asset objects reloaded= 0
AssetImportParameters requested are different than current active one (requested -> active):
  custom:container-demuxer-ogg: 62fdf1f143b41e24485cea50d1cbac27 -> 
  custom:video-codec-MediaFoundation-h265: 746d11721c4dcdbdad8f713fa42b33f4 -> 
  custom:video-decoder-ogg-theora: a1e56fd34408186e4bbccfd4996cb3dc -> 
  custom:framework-win-MediaFoundation: 216162199b28c13a410421893ffa2e32 -> 
  custom:CustomObjectIndexerAttribute: 6d391050e5a25f67b0a2c618074f2cd9 -> 
  custom:container-demuxer-webm: 4f35f7cbe854078d1ac9338744f61a02 -> 
  custom:container-muxer-webm: aa71ff27fc2769a1b78a27578f13a17b -> 
  custom:video-decoder-webm-vp8: 9c59270c3fd7afecdb556c50c9e8de78 -> 
  custom:SearchIndexIgnoredProperties: e643bd26f0fe6173181afceb89e7c659 -> 
  custom:AudioImporter_EditorPlatform: d09bf68614088b80899f8185d706f6e7 -> 
  custom:video-encoder-webm-vp8: eb34c28f22e8b96e1ab97ce403110664 -> 
  custom:audio-decoder-ogg-vorbis: bf7c407c2cedff20999df2af8eb42d56 -> 
  custom:audio-encoder-webm-vorbis: bf7c407c2cedff20999df2af8eb42d56 -> 
========================================================================
Received Import Request.
  Time since last request: 164.638470 seconds.
  path: Assets/Prefabs/Beehive.prefab
  artifactKey: Guid(1ef9ad327be569348b9598b73d0f2db0) Importer(815301076,1909f56bfc062723c751e8b465ee728b)
Start importing Assets/Prefabs/Beehive.prefab using Guid(1ef9ad327be569348b9598b73d0f2db0) Importer(815301076,1909f56bfc062723c751e8b465ee728b)  -> (artifact id: 'e7e49c028d00ad54296788a527d4ebfe') in 0.097071 seconds
Number of updated asset objects reloaded before import = 0
Number of asset objects unloaded after import = 145
========================================================================
Received Prepare
Begin MonoManager ReloadAssembly
- Loaded All Assemblies, in  0.567 seconds
Refreshing native plugins compatible for Editor in 6.76 ms, found 3 plugins.
Native extension for WindowsStandalone target not found
[Package Manager] Server::EnsureServerProcessIsRunning -- launch failed, reason: Unity was launched with the -noUpm command-line argument
[Package Manager] UpmClient::Send -- Unable to send message (not connected to UPM process).
[Package Manager] Cannot connect to Unity Package Manager local server
Mono: successfully reloaded assembly
- Finished resetting the current domain, in  1.346 seconds
Domain Reload Profiling: 1906ms
	BeginReloadAssembly (188ms)
		ExecutionOrderSort (0ms)
		DisableScriptedObjects (5ms)
		BackupInstance (0ms)
		ReleaseScriptingObjects (0ms)
		CreateAndSetChildDomain (37ms)
	RebuildCommonClasses (39ms)
	RebuildNativeTypeToScriptingClass (12ms)
	initialDomainReloadingComplete (44ms)
	LoadAllAssembliesAndSetupDomain (277ms)
		LoadAssemblies (370ms)
		RebuildTransferFunctionScriptingTraits (0ms)
		AnalyzeDomain (14ms)
			TypeCache.Refresh (6ms)
				TypeCache.ScanAssembly (0ms)
			ScanForSourceGeneratedMonoScriptInfo (0ms)
			ResolveRequiredComponents (6ms)
	FinalizeReload (1346ms)
		ReleaseScriptCaches (0ms)
		RebuildScriptCaches (0ms)
		SetupLoadedEditorAssemblies (518ms)
			LogAssemblyErrors (0ms)
			InitializePlatformSupportModulesInManaged (10ms)
			SetLoadedEditorAssemblies (5ms)
			RefreshPlugins (0ms)
			BeforeProcessingInitializeOnLoad (90ms)
			ProcessInitializeOnLoadAttributes (366ms)
			ProcessInitializeOnLoadMethodAttributes (28ms)
			AfterProcessingInitializeOnLoad (19ms)
			EditorAssembliesLoaded (0ms)
		ExecutionOrderSort2 (0ms)
		AwakeInstancesAfterBackupRestoration (10ms)
Refreshing native plugins compatible for Editor in 7.65 ms, found 3 plugins.
Preloading 0 native plugins for Editor in 0.00 ms.
Unloading 3081 Unused Serialized files (Serialized files now loaded: 0)
Unloading 22 unused Assets / (30.2 KB). Loaded Objects now: 3620.
Memory consumption went from 134.9 MB to 134.9 MB.
Total: 4.665400 ms (FindLiveObjects: 0.421400 ms CreateObjectMapping: 0.289900 ms MarkObjects: 3.903600 ms  DeleteObjects: 0.049100 ms)

Prepare: number of updated asset objects reloaded= 0
AssetImportParameters requested are different than current active one (requested -> active):
  custom:container-demuxer-ogg: 62fdf1f143b41e24485cea50d1cbac27 -> 
  custom:video-codec-MediaFoundation-h265: 746d11721c4dcdbdad8f713fa42b33f4 -> 
  custom:video-decoder-ogg-theora: a1e56fd34408186e4bbccfd4996cb3dc -> 
  custom:framework-win-MediaFoundation: 216162199b28c13a410421893ffa2e32 -> 
  custom:CustomObjectIndexerAttribute: 6d391050e5a25f67b0a2c618074f2cd9 -> 
  custom:container-demuxer-webm: 4f35f7cbe854078d1ac9338744f61a02 -> 
  custom:container-muxer-webm: aa71ff27fc2769a1b78a27578f13a17b -> 
  custom:video-decoder-webm-vp8: 9c59270c3fd7afecdb556c50c9e8de78 -> 
  custom:SearchIndexIgnoredProperties: e643bd26f0fe6173181afceb89e7c659 -> 
  custom:AudioImporter_EditorPlatform: d09bf68614088b80899f8185d706f6e7 -> 
  custom:video-encoder-webm-vp8: eb34c28f22e8b96e1ab97ce403110664 -> 
  custom:audio-decoder-ogg-vorbis: bf7c407c2cedff20999df2af8eb42d56 -> 
  custom:audio-encoder-webm-vorbis: bf7c407c2cedff20999df2af8eb42d56 -> 
========================================================================
Received Import Request.
  Time since last request: 186.565668 seconds.
  path: Assets/Prefabs/Bee.prefab
  artifactKey: Guid(b9abd7a0a68f7844f8a5b331463d9187) Importer(815301076,1909f56bfc062723c751e8b465ee728b)
Start importing Assets/Prefabs/Bee.prefab using Guid(b9abd7a0a68f7844f8a5b331463d9187) Importer(815301076,1909f56bfc062723c751e8b465ee728b)  -> (artifact id: 'b2340eb9edc9af8f3c006a1323b4d63b') in 0.103504 seconds
Number of updated asset objects reloaded before import = 0
Number of asset objects unloaded after import = 32
========================================================================
Received Import Request.
  Time since last request: 0.000021 seconds.
  path: Assets/Prefabs/Slime.prefab
  artifactKey: Guid(26fd08d26689f1942a54a04abe2b3a64) Importer(815301076,1909f56bfc062723c751e8b465ee728b)
Start importing Assets/Prefabs/Slime.prefab using Guid(26fd08d26689f1942a54a04abe2b3a64) Importer(815301076,1909f56bfc062723c751e8b465ee728b)  -> (artifact id: '8f2cbefad7db20d7c7f4f0297510ecc1') in 0.011262 seconds
Number of updated asset objects reloaded before import = 0
Number of asset objects unloaded after import = 11
========================================================================
Received Import Request.
  Time since last request: 241.685489 seconds.
  path: Assets/Prefabs/Beehive.prefab
  artifactKey: Guid(1ef9ad327be569348b9598b73d0f2db0) Importer(815301076,1909f56bfc062723c751e8b465ee728b)
Start importing Assets/Prefabs/Beehive.prefab using Guid(1ef9ad327be569348b9598b73d0f2db0) Importer(815301076,1909f56bfc062723c751e8b465ee728b)  -> (artifact id: 'f192c63afad83c6c96af19771dbf7aa8') in 0.015562 seconds
Number of updated asset objects reloaded before import = 0
Number of asset objects unloaded after import = 142
========================================================================
Received Import Request.
  Time since last request: 6.250425 seconds.
  path: Assets/Prefabs/Bee.prefab
  artifactKey: Guid(b9abd7a0a68f7844f8a5b331463d9187) Importer(815301076,1909f56bfc062723c751e8b465ee728b)
Start importing Assets/Prefabs/Bee.prefab using Guid(b9abd7a0a68f7844f8a5b331463d9187) Importer(815301076,1909f56bfc062723c751e8b465ee728b)  -> (artifact id: '53f89df7829689c14d447fb287ceb1fe') in 0.009906 seconds
Number of updated asset objects reloaded before import = 0
Number of asset objects unloaded after import = 29
========================================================================
Received Import Request.
  Time since last request: 1685.335252 seconds.
  path: Assets/Scripts/Enemies/Bee.cs
  artifactKey: Guid(b36ab41ad2e7ffc4fb772757d608a914) Importer(815301076,1909f56bfc062723c751e8b465ee728b)
Start importing Assets/Scripts/Enemies/Bee.cs using Guid(b36ab41ad2e7ffc4fb772757d608a914) Importer(815301076,1909f56bfc062723c751e8b465ee728b)  -> (artifact id: 'e5483dc5d31602a20d03dd3ef98ec6fa') in 0.000959 seconds
Number of updated asset objects reloaded before import = 0
Number of asset objects unloaded after import = 0
========================================================================
Received Prepare
Begin MonoManager ReloadAssembly
- Loaded All Assemblies, in  0.579 seconds
Refreshing native plugins compatible for Editor in 7.55 ms, found 3 plugins.
Native extension for WindowsStandalone target not found
[Package Manager] Server::EnsureServerProcessIsRunning -- launch failed, reason: Unity was launched with the -noUpm command-line argument
[Package Manager] UpmClient::Send -- Unable to send message (not connected to UPM process).
[Package Manager] Cannot connect to Unity Package Manager local server
Mono: successfully reloaded assembly
- Finished resetting the current domain, in  1.231 seconds
Domain Reload Profiling: 1803ms
	BeginReloadAssembly (179ms)
		ExecutionOrderSort (0ms)
		DisableScriptedObjects (5ms)
		BackupInstance (0ms)
		ReleaseScriptingObjects (0ms)
		CreateAndSetChildDomain (35ms)
	RebuildCommonClasses (39ms)
	RebuildNativeTypeToScriptingClass (11ms)
	initialDomainReloadingComplete (42ms)
	LoadAllAssembliesAndSetupDomain (299ms)
		LoadAssemblies (381ms)
		RebuildTransferFunctionScriptingTraits (0ms)
		AnalyzeDomain (23ms)
			TypeCache.Refresh (9ms)
				TypeCache.ScanAssembly (0ms)
			ScanForSourceGeneratedMonoScriptInfo (7ms)
			ResolveRequiredComponents (5ms)
	FinalizeReload (1232ms)
		ReleaseScriptCaches (0ms)
		RebuildScriptCaches (0ms)
		SetupLoadedEditorAssemblies (441ms)
			LogAssemblyErrors (0ms)
			InitializePlatformSupportModulesInManaged (10ms)
			SetLoadedEditorAssemblies (6ms)
			RefreshPlugins (0ms)
			BeforeProcessingInitializeOnLoad (75ms)
			ProcessInitializeOnLoadAttributes (314ms)
			ProcessInitializeOnLoadMethodAttributes (21ms)
			AfterProcessingInitializeOnLoad (16ms)
			EditorAssembliesLoaded (0ms)
		ExecutionOrderSort2 (0ms)
		AwakeInstancesAfterBackupRestoration (10ms)
Refreshing native plugins compatible for Editor in 7.03 ms, found 3 plugins.
Preloading 0 native plugins for Editor in 0.00 ms.
Unloading 3082 Unused Serialized files (Serialized files now loaded: 0)
Unloading 22 unused Assets / (30.2 KB). Loaded Objects now: 3624.
Memory consumption went from 136.9 MB to 136.8 MB.
Total: 2.782700 ms (FindLiveObjects: 0.266900 ms CreateObjectMapping: 0.219600 ms MarkObjects: 2.250300 ms  DeleteObjects: 0.044800 ms)

Prepare: number of updated asset objects reloaded= 0
AssetImportParameters requested are different than current active one (requested -> active):
  custom:container-demuxer-ogg: 62fdf1f143b41e24485cea50d1cbac27 -> 
  custom:video-codec-MediaFoundation-h265: 746d11721c4dcdbdad8f713fa42b33f4 -> 
  custom:video-decoder-ogg-theora: a1e56fd34408186e4bbccfd4996cb3dc -> 
  custom:framework-win-MediaFoundation: 216162199b28c13a410421893ffa2e32 -> 
  custom:CustomObjectIndexerAttribute: 6d391050e5a25f67b0a2c618074f2cd9 -> 
  custom:container-demuxer-webm: 4f35f7cbe854078d1ac9338744f61a02 -> 
  custom:container-muxer-webm: aa71ff27fc2769a1b78a27578f13a17b -> 
  custom:video-decoder-webm-vp8: 9c59270c3fd7afecdb556c50c9e8de78 -> 
  custom:SearchIndexIgnoredProperties: e643bd26f0fe6173181afceb89e7c659 -> 
  custom:AudioImporter_EditorPlatform: d09bf68614088b80899f8185d706f6e7 -> 
  custom:video-encoder-webm-vp8: eb34c28f22e8b96e1ab97ce403110664 -> 
  custom:audio-decoder-ogg-vorbis: bf7c407c2cedff20999df2af8eb42d56 -> 
  custom:audio-encoder-webm-vorbis: bf7c407c2cedff20999df2af8eb42d56 -> 
========================================================================
Received Import Request.
  Time since last request: 24.236060 seconds.
  path: Assets/Prefabs/Beehive.prefab
  artifactKey: Guid(1ef9ad327be569348b9598b73d0f2db0) Importer(815301076,1909f56bfc062723c751e8b465ee728b)
Start importing Assets/Prefabs/Beehive.prefab using Guid(1ef9ad327be569348b9598b73d0f2db0) Importer(815301076,1909f56bfc062723c751e8b465ee728b)  -> (artifact id: '759b7756a9e0ad0143d62216995701d1') in 0.094791 seconds
Number of updated asset objects reloaded before import = 0
Number of asset objects unloaded after import = 134
========================================================================
Received Import Request.
  Time since last request: 7.892317 seconds.
  path: Assets/Prefabs/Bee.prefab
  artifactKey: Guid(b9abd7a0a68f7844f8a5b331463d9187) Importer(815301076,1909f56bfc062723c751e8b465ee728b)
Start importing Assets/Prefabs/Bee.prefab using Guid(b9abd7a0a68f7844f8a5b331463d9187) Importer(815301076,1909f56bfc062723c751e8b465ee728b)  -> (artifact id: 'd979a29d8a13db41e78ddad42dff07bc') in 0.012417 seconds
Number of updated asset objects reloaded before import = 0
Number of asset objects unloaded after import = 30
